p/graph500.png 1 0 0 252 174
p/graph499.png 1 0 0 252 174
p/graph498.png 1 0 0 252 174
p/graph497.png 1 0 0 252 174
p/graph496.png 1 0 0 252 174
p/graph495.png 1 0 0 252 174
p/graph494.png 1 0 0 252 174
p/graph493.png 1 0 0 252 174
p/graph492.png 1 0 0 252 174
p/graph491.png 1 0 0 252 174
p/graph490.png 1 0 0 252 174
p/graph489.png 1 0 0 252 174
p/graph488.png 1 0 0 252 174
p/graph487.png 1 0 0 252 174
p/graph486.png 1 0 0 252 174
p/graph485.png 1 0 0 252 174
p/graph484.png 1 0 0 252 174
p/graph483.png 1 0 0 252 174
p/graph482.png 1 0 0 252 174
p/graph481.png 1 0 0 252 174
p/graph480.png 1 0 0 252 174
p/graph479.png 1 0 0 252 174
p/graph478.png 1 0 0 252 174
p/graph477.png 1 0 0 252 174
p/graph476.png 1 0 0 252 174
p/graph475.png 1 0 0 252 174
p/graph474.png 1 0 0 252 174
p/graph473.png 1 0 0 252 174
p/graph472.png 1 0 0 252 174
p/graph471.png 1 0 0 252 174
p/graph470.png 1 0 0 252 174
p/graph469.png 1 0 0 252 174
p/graph468.png 1 0 0 252 174
p/graph467.png 1 0 0 252 174
p/graph466.png 1 0 0 252 174
p/graph465.png 1 0 0 252 174
p/graph464.png 1 0 0 252 174
p/graph463.png 1 0 0 252 174
p/graph462.png 1 0 0 252 174
p/graph461.png 1 0 0 252 174
p/graph460.png 1 0 0 252 174
p/graph459.png 1 0 0 252 174
p/graph458.png 1 0 0 252 174
p/graph457.png 1 0 0 252 174
p/graph456.png 1 0 0 252 174
p/graph455.png 1 0 0 252 174
p/graph454.png 1 0 0 252 174
p/graph453.png 1 0 0 252 174
p/graph452.png 1 0 0 252 174
p/graph451.png 1 0 0 252 174
p/graph450.png 1 0 0 252 174
p/graph449.png 1 0 0 252 174
p/graph448.png 1 0 0 252 174
p/graph447.png 1 0 0 252 174
p/graph446.png 1 0 0 252 174
p/graph445.png 1 0 0 252 174
p/graph444.png 1 0 0 252 174
p/graph443.png 1 0 0 252 174
p/graph442.png 1 0 0 252 174
p/graph441.png 1 0 0 252 174
p/graph440.png 1 0 0 252 174
p/graph439.png 1 0 0 252 174
p/graph438.png 1 0 0 252 174
p/graph437.png 1 0 0 252 174
p/graph436.png 1 0 0 252 174
p/graph435.png 1 0 0 252 174
p/graph434.png 1 0 0 252 174
p/graph433.png 1 0 0 252 174
p/graph432.png 1 0 0 252 174
p/graph431.png 1 0 0 252 174
p/graph430.png 1 0 0 252 174
p/graph429.png 1 0 0 252 174
p/graph428.png 1 0 0 252 174
p/graph427.png 1 0 0 252 174
p/graph426.png 1 0 0 252 174
p/graph425.png 1 0 0 252 174
p/graph424.png 1 0 0 252 174
p/graph423.png 1 0 0 252 174
p/graph422.png 1 0 0 252 174
p/graph421.png 1 0 0 252 174
p/graph420.png 1 0 0 252 174
p/graph419.png 1 0 0 252 174
p/graph418.png 1 0 0 252 174
p/graph417.png 1 0 0 252 174
p/graph416.png 1 0 0 252 174
p/graph415.png 1 0 0 252 174
p/graph414.png 1 0 0 252 174
p/graph413.png 1 0 0 252 174
p/graph412.png 1 0 0 252 174
p/graph411.png 1 0 0 252 174
p/graph410.png 1 0 0 252 174
p/graph409.png 1 0 0 252 174
p/graph408.png 1 0 0 252 174
p/graph407.png 1 0 0 252 174
p/graph406.png 1 0 0 252 174
p/graph405.png 1 0 0 252 174
p/graph404.png 1 0 0 252 174
p/graph403.png 1 0 0 252 174
p/graph402.png 1 0 0 252 174
p/graph401.png 1 0 0 252 174
p/graph400.png 1 0 0 252 174
p/graph399.png 1 0 0 252 174
p/graph398.png 1 0 0 252 174
p/graph397.png 1 0 0 252 174
p/graph396.png 1 0 0 252 174
p/graph395.png 1 0 0 252 174
p/graph394.png 1 0 0 252 174
p/graph393.png 1 0 0 252 174
p/graph392.png 1 0 0 252 174
p/graph391.png 1 0 0 252 174
p/graph390.png 1 0 0 252 174
p/graph389.png 1 0 0 252 174
p/graph388.png 1 0 0 252 174
p/graph387.png 1 0 0 252 174
p/graph386.png 1 0 0 252 174
p/graph385.png 1 0 0 252 174
p/graph384.png 1 0 0 252 174
p/graph383.png 1 0 0 252 174
p/graph382.png 1 0 0 252 174
p/graph381.png 1 0 0 252 174
p/graph380.png 1 0 0 252 174
p/graph379.png 1 0 0 252 174
p/graph378.png 1 0 0 252 174
p/graph377.png 1 0 0 252 174
p/graph376.png 1 0 0 252 174
p/graph375.png 1 0 0 252 174
p/graph374.png 1 0 0 252 174
p/graph373.png 1 0 0 252 174
p/graph372.png 1 0 0 252 174
p/graph371.png 1 0 0 252 174
p/graph370.png 1 0 0 252 174
p/graph369.png 1 0 0 252 174
p/graph368.png 1 0 0 252 174
p/graph367.png 1 0 0 252 174
p/graph366.png 1 0 0 252 174
p/graph365.png 1 0 0 252 174
p/graph364.png 1 0 0 252 174
p/graph363.png 1 0 0 252 174
p/graph362.png 1 0 0 252 174
p/graph361.png 1 0 0 252 174
p/graph360.png 1 0 0 252 174
p/graph359.png 1 0 0 252 174
p/graph358.png 1 0 0 252 174
p/graph357.png 1 0 0 252 174
p/graph356.png 1 0 0 252 174
p/graph355.png 1 0 0 252 174
p/graph354.png 1 0 0 252 174
p/graph353.png 1 0 0 252 174
p/graph352.png 1 0 0 252 174
p/graph351.png 1 0 0 252 174
p/graph350.png 1 0 0 252 174
p/graph349.png 1 0 0 252 174
p/graph348.png 1 0 0 252 174
p/graph347.png 1 0 0 252 174
p/graph346.png 1 0 0 252 174
p/graph345.png 1 0 0 252 174
p/graph344.png 1 0 0 252 174
p/graph343.png 1 0 0 252 174
p/graph342.png 1 0 0 252 174
p/graph341.png 1 0 0 252 174
p/graph340.png 1 0 0 252 174
p/graph339.png 1 0 0 252 174
p/graph338.png 1 0 0 252 174
p/graph337.png 1 0 0 252 174
p/graph336.png 1 0 0 252 174
p/graph335.png 1 0 0 252 174
p/graph334.png 1 0 0 252 174
p/graph333.png 1 0 0 252 174
p/graph332.png 1 0 0 252 174
p/graph331.png 1 0 0 252 174
p/graph330.png 1 0 0 252 174
p/graph329.png 1 0 0 252 174
p/graph328.png 1 0 0 252 174
p/graph327.png 1 0 0 252 174
p/graph326.png 1 0 0 252 174
p/graph325.png 1 0 0 252 174
p/graph324.png 1 0 0 252 174
p/graph323.png 1 0 0 252 174
p/graph322.png 1 0 0 252 174
p/graph321.png 1 0 0 252 174
p/graph320.png 1 0 0 252 174
p/graph319.png 1 0 0 252 174
p/graph318.png 1 0 0 252 174
p/graph317.png 1 0 0 252 174
p/graph316.png 1 0 0 252 174
p/graph315.png 1 0 0 252 174
p/graph314.png 1 0 0 252 174
p/graph313.png 1 0 0 252 174
p/graph312.png 1 0 0 252 174
p/graph311.png 1 0 0 252 174
p/graph310.png 1 0 0 252 174
p/graph309.png 1 0 0 252 174
p/graph308.png 1 0 0 252 174
p/graph307.png 1 0 0 252 174
p/graph306.png 1 0 0 252 174
p/graph305.png 1 0 0 252 174
p/graph304.png 1 0 0 252 174
p/graph303.png 1 0 0 252 174
p/graph302.png 1 0 0 252 174
p/graph301.png 1 0 0 252 174
p/graph300.png 1 0 0 252 174
p/graph299.png 1 0 0 252 174
p/graph298.png 1 0 0 252 174
p/graph297.png 1 0 0 252 174
p/graph296.png 1 0 0 252 174
p/graph295.png 1 0 0 252 174
p/graph294.png 1 0 0 252 174
p/graph293.png 1 0 0 252 174
p/graph292.png 1 0 0 252 174
p/graph291.png 1 0 0 252 174
p/graph290.png 1 0 0 252 174
p/graph289.png 1 0 0 252 174
p/graph288.png 1 0 0 252 174
p/graph287.png 1 0 0 252 174
p/graph286.png 1 0 0 252 174
p/graph285.png 1 0 0 252 174
p/graph284.png 1 0 0 252 174
p/graph283.png 1 0 0 252 174
p/graph282.png 1 0 0 252 174
p/graph281.png 1 0 0 252 174
p/graph280.png 1 0 0 252 174
p/graph279.png 1 0 0 252 174
p/graph278.png 1 0 0 252 174
p/graph277.png 1 0 0 252 174
p/graph276.png 1 0 0 252 174
p/graph275.png 1 0 0 252 174
p/graph274.png 1 0 0 252 174
p/graph273.png 1 0 0 252 174
p/graph272.png 1 0 0 252 174
p/graph271.png 1 0 0 252 174
p/graph270.png 1 0 0 252 174
p/graph269.png 1 0 0 252 174
p/graph268.png 1 0 0 252 174
p/graph267.png 1 0 0 252 174
p/graph266.png 1 0 0 252 174
p/graph265.png 1 0 0 252 174
p/graph264.png 1 0 0 252 174
p/graph263.png 1 0 0 252 174
p/graph262.png 1 0 0 252 174
p/graph261.png 1 0 0 252 174
p/graph260.png 1 0 0 252 174
p/graph259.png 1 0 0 252 174
p/graph258.png 1 0 0 252 174
p/graph257.png 1 0 0 252 174
p/graph256.png 1 0 0 252 174
p/graph255.png 1 0 0 252 174
p/graph254.png 1 0 0 252 174
p/graph253.png 1 0 0 252 174
p/graph252.png 1 0 0 252 174
p/graph251.png 1 0 0 252 174
p/graph250.png 1 0 0 252 174
p/graph249.png 1 0 0 252 174
p/graph248.png 1 0 0 252 174
p/graph247.png 1 0 0 252 174
p/graph246.png 1 0 0 252 174
p/graph245.png 1 0 0 252 174
p/graph244.png 1 0 0 252 174
p/graph243.png 1 0 0 252 174
p/graph242.png 1 0 0 252 174
p/graph241.png 1 0 0 252 174
p/graph240.png 1 0 0 252 174
p/graph239.png 1 0 0 252 174
p/graph238.png 1 0 0 252 174
p/graph237.png 1 0 0 252 174
p/graph236.png 1 0 0 252 174
p/graph235.png 1 0 0 252 174
p/graph234.png 1 0 0 252 174
p/graph233.png 1 0 0 252 174
p/graph232.png 1 0 0 252 174
p/graph231.png 1 0 0 252 174
p/graph230.png 1 0 0 252 174
p/graph229.png 1 0 0 252 174
p/graph228.png 1 0 0 252 174
p/graph227.png 1 0 0 252 174
p/graph226.png 1 0 0 252 174
p/graph225.png 1 0 0 252 174
p/graph224.png 1 0 0 252 174
p/graph223.png 1 0 0 252 174
p/graph222.png 1 0 0 252 174
p/graph221.png 1 0 0 252 174
p/graph220.png 1 0 0 252 174
p/graph219.png 1 0 0 252 174
p/graph218.png 1 0 0 252 174
p/graph217.png 1 0 0 252 174
p/graph216.png 1 0 0 252 174
p/graph215.png 1 0 0 252 174
p/graph214.png 1 0 0 252 174
p/graph213.png 1 0 0 252 174
p/graph212.png 1 0 0 252 174
p/graph211.png 1 0 0 252 174
p/graph210.png 1 0 0 252 174
p/graph209.png 1 0 0 252 174
p/graph208.png 1 0 0 252 174
p/graph207.png 1 0 0 252 174
p/graph206.png 1 0 0 252 174
p/graph205.png 1 0 0 252 174
p/graph204.png 1 0 0 252 174
p/graph203.png 1 0 0 252 174
p/graph202.png 1 0 0 252 174
p/graph201.png 1 0 0 252 174
p/graph200.png 1 0 0 252 174
p/graph199.png 1 0 0 252 174
p/graph198.png 1 0 0 252 174
p/graph197.png 1 0 0 252 174
p/graph196.png 1 0 0 252 174
p/graph195.png 1 0 0 252 174
p/graph194.png 1 0 0 252 174
p/graph193.png 1 0 0 252 174
p/graph192.png 1 0 0 252 174
p/graph191.png 1 0 0 252 174
p/graph190.png 1 0 0 252 174
p/graph189.png 1 0 0 252 174
p/graph188.png 1 0 0 252 174
p/graph187.png 1 0 0 252 174
p/graph186.png 1 0 0 252 174
p/graph185.png 1 0 0 252 174
p/graph184.png 1 0 0 252 174
p/graph183.png 1 0 0 252 174
p/graph182.png 1 0 0 252 174
p/graph181.png 1 0 0 252 174
p/graph180.png 1 0 0 252 174
p/graph179.png 1 0 0 252 174
p/graph178.png 1 0 0 252 174
p/graph177.png 1 0 0 252 174
p/graph176.png 1 0 0 252 174
p/graph175.png 1 0 0 252 174
p/graph174.png 1 0 0 252 174
p/graph173.png 1 0 0 252 174
p/graph172.png 1 0 0 252 174
p/graph171.png 1 0 0 252 174
p/graph170.png 1 0 0 252 174
p/graph169.png 1 0 0 252 174
p/graph168.png 1 0 0 252 174
p/graph167.png 1 0 0 252 174
p/graph166.png 1 0 0 252 174
p/graph165.png 1 0 0 252 174
p/graph164.png 1 0 0 252 174
p/graph163.png 1 0 0 252 174
p/graph162.png 1 0 0 252 174
p/graph161.png 1 0 0 252 174
p/graph160.png 1 0 0 252 174
p/graph159.png 1 0 0 252 174
p/graph158.png 1 0 0 252 174
p/graph157.png 1 0 0 252 174
p/graph156.png 1 0 0 252 174
p/graph155.png 1 0 0 252 174
p/graph154.png 1 0 0 252 174
p/graph153.png 1 0 0 252 174
p/graph152.png 1 0 0 252 174
p/graph151.png 1 0 0 252 174
p/graph150.png 1 0 0 252 174
p/graph149.png 1 0 0 252 174
p/graph148.png 1 0 0 252 174
p/graph147.png 1 0 0 252 174
p/graph146.png 1 0 0 252 174
p/graph145.png 1 0 0 252 174
p/graph144.png 1 0 0 252 174
p/graph143.png 1 0 0 252 174
p/graph142.png 1 0 0 252 174
p/graph141.png 1 0 0 252 174
p/graph140.png 1 0 0 252 174
p/graph139.png 1 0 0 252 174
p/graph138.png 1 0 0 252 174
p/graph137.png 1 0 0 252 174
p/graph136.png 1 0 0 252 174
p/graph135.png 1 0 0 252 174
p/graph134.png 1 0 0 252 174
p/graph133.png 1 0 0 252 174
p/graph132.png 1 0 0 252 174
p/graph131.png 1 0 0 252 174
p/graph130.png 1 0 0 252 174
p/graph129.png 1 0 0 252 174
p/graph128.png 1 0 0 252 174
p/graph127.png 1 0 0 252 174
p/graph126.png 1 0 0 252 174
p/graph125.png 1 0 0 252 174
p/graph124.png 1 0 0 252 174
p/graph123.png 1 0 0 252 174
p/graph122.png 1 0 0 252 174
p/graph121.png 1 0 0 252 174
p/graph120.png 1 0 0 252 174
p/graph119.png 1 0 0 252 174
p/graph118.png 1 0 0 252 174
p/graph117.png 1 0 0 252 174
p/graph116.png 1 0 0 252 174
p/graph115.png 1 0 0 252 174
p/graph114.png 1 0 0 252 174
p/graph113.png 1 0 0 252 174
p/graph112.png 1 0 0 252 174
p/graph111.png 1 0 0 252 174
p/graph110.png 1 0 0 252 174
p/graph109.png 1 0 0 252 174
p/graph108.png 1 0 0 252 174
p/graph107.png 1 0 0 252 174
p/graph106.png 1 0 0 252 174
p/graph105.png 1 0 0 252 174
p/graph104.png 1 0 0 252 174
p/graph103.png 1 0 0 252 174
p/graph102.png 1 0 0 252 174
p/graph101.png 1 0 0 252 174
p/graph100.png 1 0 0 252 174
p/graph99.png 1 0 0 252 174
p/graph98.png 1 0 0 252 174
p/graph97.png 1 0 0 252 174
p/graph96.png 1 0 0 252 174
p/graph95.png 1 0 0 252 174
p/graph94.png 1 0 0 252 174
p/graph93.png 1 0 0 252 174
p/graph92.png 1 0 0 252 174
p/graph91.png 1 0 0 252 174
p/graph90.png 1 0 0 252 174
p/graph89.png 1 0 0 252 174
p/graph88.png 1 0 0 252 174
p/graph87.png 1 0 0 252 174
p/graph86.png 1 0 0 252 174
p/graph85.png 1 0 0 252 174
p/graph84.png 1 0 0 252 174
p/graph83.png 1 0 0 252 174
p/graph82.png 1 0 0 252 174
p/graph81.png 1 0 0 252 174
p/graph80.png 1 0 0 252 174
p/graph79.png 1 0 0 252 174
p/graph78.png 1 0 0 252 174
p/graph77.png 1 0 0 252 174
p/graph76.png 1 0 0 252 174
p/graph75.png 1 0 0 252 174
p/graph74.png 1 0 0 252 174
p/graph73.png 1 0 0 252 174
p/graph72.png 1 0 0 252 174
p/graph71.png 1 0 0 252 174
p/graph70.png 1 0 0 252 174
p/graph69.png 1 0 0 252 174
p/graph68.png 1 0 0 252 174
p/graph67.png 1 0 0 252 174
p/graph66.png 1 0 0 252 174
p/graph65.png 1 0 0 252 174
p/graph64.png 1 0 0 252 174
p/graph63.png 1 0 0 252 174
p/graph62.png 1 0 0 252 174
p/graph61.png 1 0 0 252 174
p/graph60.png 1 0 0 252 174
p/graph59.png 1 0 0 252 174
p/graph58.png 1 0 0 252 174
p/graph57.png 1 0 0 252 174
p/graph56.png 1 0 0 252 174
p/graph55.png 1 0 0 252 174
p/graph54.png 1 0 0 252 174
p/graph53.png 1 0 0 252 174
p/graph52.png 1 0 0 252 174
p/graph51.png 1 0 0 252 174
p/graph50.png 1 0 0 252 174
p/graph49.png 1 0 0 252 174
p/graph48.png 1 0 0 252 174
p/graph47.png 1 0 0 252 174
p/graph46.png 1 0 0 252 174
p/graph45.png 1 0 0 252 174
p/graph44.png 1 0 0 252 174
p/graph43.png 1 0 0 252 174
p/graph42.png 1 0 0 252 174
p/graph41.png 1 0 0 252 174
p/graph40.png 1 0 0 252 174
p/graph39.png 1 0 0 252 174
p/graph38.png 1 0 0 252 174
p/graph37.png 1 0 0 252 174
p/graph36.png 1 0 0 252 174
p/graph35.png 1 0 0 252 174
p/graph34.png 1 0 0 252 174
p/graph33.png 1 0 0 252 174
p/graph32.png 1 0 0 252 174
p/graph31.png 1 0 0 252 174
p/graph30.png 1 0 0 252 174
p/graph29.png 1 0 0 252 174
p/graph28.png 1 0 0 252 174
p/graph27.png 1 0 0 252 174
p/graph26.png 1 0 0 252 174
p/graph25.png 1 0 0 252 174
p/graph24.png 1 0 0 252 174
p/graph23.png 1 0 0 252 174
p/graph22.png 1 0 0 252 174
p/graph21.png 1 0 0 252 174
p/graph20.png 1 0 0 252 174
p/graph19.png 1 0 0 252 174
p/graph18.png 1 0 0 252 174
p/graph17.png 1 0 0 252 174
p/graph16.png 1 0 0 252 174
p/graph15.png 1 0 0 252 174
p/graph14.png 1 0 0 252 174
p/graph13.png 1 0 0 252 174
p/graph12.png 1 0 0 252 174
p/graph11.png 1 0 0 252 174
p/graph10.png 1 0 0 252 174
p/graph9.png 1 0 0 252 174
p/graph8.png 1 0 0 252 174
p/graph7.png 1 0 0 252 174
p/graph6.png 1 0 0 252 174
p/graph5.png 1 0 0 252 174
p/graph4.png 1 0 0 252 174
p/graph3.png 1 0 0 252 174
p/graph2.png 1 0 0 252 174
p/graph1.png 1 0 0 252 174
p/graph0.png 1 0 0 252 174